<?xml version="1.0" encoding="UTF-8"?>
<!-- Generated by org.testng.reporters.JUnitReportReporter -->
<testsuite hostname="MUNI-VAIO" name="qsp.A" tests="1" failures="0" timestamp="11 Oct 2018 07:38:10 GMT" time="15.207" errors="0">
  <testcase name="mavenExperiment" time="15.207" classname="qsp.A"/>
</testsuite> <!-- qsp.A -->
